<?xml version="1.0" encoding="UTF-8"?>
<testng-results total="1" passed="1" failed="0" skipped="0">
  <reporter-output>
  </reporter-output>
  <suite started-at="2025-02-06T09:51:35Z" name="Test Suite for Buildout" finished-at="2025-02-06T09:51:52Z" duration-ms="17047">
    <groups>
    </groups>
    <test started-at="2025-02-06T09:51:35Z" name="Test Cases for Buildout" finished-at="2025-02-06T09:51:52Z" duration-ms="17047">
      <class name="demo.TestCases">
        <test-method is-config="true" signature="startBrowser()[pri:0, instance:demo.TestCases@349c1daf]" started-at="2025-02-06T15:21:35Z" name="startBrowser" finished-at="2025-02-06T15:21:38Z" duration-ms="3544" status="PASS">
          <reporter-output>
          </reporter-output>
        </test-method> <!-- startBrowser -->
        <test-method signature="testCase01()[pri:0, instance:demo.TestCases@349c1daf]" started-at="2025-02-06T15:21:38Z" name="testCase01" finished-at="2025-02-06T15:21:52Z" duration-ms="13482" status="PASS">
          <reporter-output>
          </reporter-output>
        </test-method> <!-- testCase01 -->
      </class> <!-- demo.TestCases -->
    </test> <!-- Test Cases for Buildout -->
  </suite> <!-- Test Suite for Buildout -->
</testng-results>
